<?xml version="1.0" encoding="UTF-8"?>
<!-- Generated by org.testng.reporters.JUnitReportReporter -->
<testsuite skipped="0" hostname="DESKTOP-QGIA4I3" name="TestNGConcept.TestNGAnnotationConcept" tests="1" failures="0" timestamp="19 Mar 2021 08:30:11 GMT" time="0.100" errors="0">
  <testcase name="testt" time="0.100" classname="TestNGConcept.TestNGAnnotationConcept"/>
</testsuite> <!-- TestNGConcept.TestNGAnnotationConcept -->
