<?xml version="1.0" encoding="UTF-8"?>
<!-- Generated by org.testng.reporters.JUnitReportReporter -->
<testsuite skipped="0" hostname="DESKTOP-QGIA4I3" name="TestNGConcept.GroupingConcept" tests="4" failures="0" timestamp="22 Mar 2021 07:17:04 GMT" time="0.013" errors="0">
  <testcase name="retryiu" time="0.002" classname="TestNGConcept.GroupingConcept"/>
  <testcase name="retryidu" time="0.006" classname="TestNGConcept.GroupingConcept"/>
  <testcase name="retrssyidu" time="0.003" classname="TestNGConcept.GroupingConcept"/>
  <testcase name="retrydiu" time="0.002" classname="TestNGConcept.GroupingConcept"/>
</testsuite> <!-- TestNGConcept.GroupingConcept -->
