<?xml version="1.0" encoding="UTF-8"?>
<!-- Generated by org.testng.reporters.JUnitReportReporter -->
<testsuite skipped="0" hostname="DESKTOP-QGIA4I3" name="runnerFile.RunnerClassTest" tests="1" failures="0" timestamp="20 Mar 2021 18:13:16 GMT" time="14.449" errors="0">
  <testcase name="feature" time="14.449" classname="runnerFile.RunnerClassTest"/>
</testsuite> <!-- runnerFile.RunnerClassTest -->
