<?xml version="1.0" encoding="UTF-8"?>
<!-- Generated by org.testng.reporters.JUnitReportReporter -->
<testsuite skipped="0" hostname="DESKTOP-QGIA4I3" name="TestNGConcept.FailedTest" tests="1" failures="0" timestamp="22 Mar 2021 07:19:15 GMT" time="0.018" errors="0">
  <testcase name="retryiu" time="0.018" classname="TestNGConcept.FailedTest"/>
</testsuite> <!-- TestNGConcept.FailedTest -->
